c:\projects\cuda_asymetric_travelling_salesman_solver\x64\debug\asymmetric_traveling_salesman_problem_solver.lib
c:\projects\cuda_asymetric_travelling_salesman_solver\x64\debug\asymmetric_traveling_salesman_problem_solver.exp
x64\debug\cudahelper.cu.obj
x64\debug\graph.cu.obj
x64\debug\kernel.cu.obj
x64\debug\solver.cu.obj
x64\debug\vectorhelper.cu.obj
c:\projects\cuda_asymetric_travelling_salesman_solver\x64\debug\asymmetric_traveling_salesman_problem_solver.ilk
c:\projects\cuda_asymetric_travelling_salesman_solver\x64\debug\asymmetric_traveling_salesman_problem_solver.exe
c:\projects\cuda_asymetric_travelling_salesman_solver\x64\debug\asymmetric_traveling_salesman_problem_solver.pdb
c:\projects\cuda_asymetric_travelling_salesman_solver\asymmetric_traveling_salesman_problem_solver\x64\debug\cudahelper.cu.cache
c:\projects\cuda_asymetric_travelling_salesman_solver\asymmetric_traveling_salesman_problem_solver\x64\debug\graph.cu.cache
c:\projects\cuda_asymetric_travelling_salesman_solver\asymmetric_traveling_salesman_problem_solver\x64\debug\kernel.cu.cache
c:\projects\cuda_asymetric_travelling_salesman_solver\asymmetric_traveling_salesman_problem_solver\x64\debug\solver.cu.cache
c:\projects\cuda_asymetric_travelling_salesman_solver\asymmetric_traveling_salesman_problem_solver\x64\debug\vectorhelper.cu.cache
c:\projects\cuda_asymetric_travelling_salesman_solver\asymmetric_traveling_salesman_problem_solver\x64\debug\cudahelper.cu.obj
c:\projects\cuda_asymetric_travelling_salesman_solver\asymmetric_traveling_salesman_problem_solver\x64\debug\graph.cu.obj
c:\projects\cuda_asymetric_travelling_salesman_solver\asymmetric_traveling_salesman_problem_solver\x64\debug\kernel.cu.obj
c:\projects\cuda_asymetric_travelling_salesman_solver\asymmetric_traveling_salesman_problem_solver\x64\debug\solver.cu.obj
c:\projects\cuda_asymetric_travelling_salesman_solver\asymmetric_traveling_salesman_problem_solver\x64\debug\vectorhelper.cu.obj
c:\projects\cuda_asymetric_travelling_salesman_solver\asymmetric_traveling_salesman_problem_solver\x64\debug\vc141.pdb
c:\projects\cuda_asymetric_travelling_salesman_solver\asymmetric_traveling_salesman_problem_solver\x64\debug\asymmetr.7b49fb25.tlog\asymmetric_traveling_salesman_problem_solver.write.1u.tlog
c:\projects\cuda_asymetric_travelling_salesman_solver\asymmetric_traveling_salesman_problem_solver\x64\debug\asymmetr.7b49fb25.tlog\cudacompile.read.1u.tlog
c:\projects\cuda_asymetric_travelling_salesman_solver\asymmetric_traveling_salesman_problem_solver\x64\debug\asymmetr.7b49fb25.tlog\cudacompile.write.1u.tlog
c:\projects\cuda_asymetric_travelling_salesman_solver\asymmetric_traveling_salesman_problem_solver\x64\debug\asymmetr.7b49fb25.tlog\link.command.1.tlog
c:\projects\cuda_asymetric_travelling_salesman_solver\asymmetric_traveling_salesman_problem_solver\x64\debug\asymmetr.7b49fb25.tlog\link.read.1.tlog
c:\projects\cuda_asymetric_travelling_salesman_solver\asymmetric_traveling_salesman_problem_solver\x64\debug\asymmetr.7b49fb25.tlog\link.write.1.tlog
